<?xml version="1.0" encoding="UTF-8"?>
<!-- Generated by org.testng.reporters.JUnitReportReporter -->
<testsuite hostname="AIPLLAP423" failures="0" tests="5" name="common.mmrda.testcases.AddContactPageTest" time="107.843" errors="0" timestamp="2024-06-03T16:06:57 IST" skipped="0">
  <testcase classname="common.mmrda.testcases.AddContactPageTest" name="VerifyrequiredfiedsTest" time="15.076"/>
  <system-out/>
  <testcase classname="common.mmrda.testcases.AddContactPageTest" name="Add_contactpage_Data_Test" time="24.270"/>
  <system-out/>
  <testcase classname="common.mmrda.testcases.AddContactPageTest" name="Add_contactpage_Data_Test" time="22.723"/>
  <system-out/>
  <testcase classname="common.mmrda.testcases.AddContactPageTest" name="Add_contactpage_Data_Test" time="21.764"/>
  <system-out/>
  <testcase classname="common.mmrda.testcases.AddContactPageTest" name="Add_contactpage_Data_Test" time="24.010"/>
  <system-out/>
</testsuite> <!-- common.mmrda.testcases.AddContactPageTest -->
