<?xml version="1.0" encoding="UTF-8"?>
<!-- Generated by org.testng.reporters.JUnitReportReporter -->
<testsuite hostname="AIPLLAP423" failures="0" tests="1" name="common.mmrda.testcases.VerifyCompanyDataTest" time="17.400" errors="0" timestamp="2024-05-07T20:44:35 IST" skipped="0">
  <testcase classname="common.mmrda.testcases.VerifyCompanyDataTest" name="VerifyCompanylistTitleTest" time="17.400"/>
  <system-out/>
</testsuite> <!-- common.mmrda.testcases.VerifyCompanyDataTest -->
