<?xml version="1.0" encoding="UTF-8"?>
<!-- Generated by org.testng.reporters.JUnitReportReporter -->
<testsuite hostname="AIPLLAP423" failures="0" tests="4" name="common.mmrda.testcases.CalendarPageTest" time="67.441" errors="0" timestamp="2024-05-01T11:40:43 IST" skipped="0">
  <testcase classname="common.mmrda.testcases.CalendarPageTest" name="verifycalendartitle" time="16.844"/>
  <system-out/>
  <testcase classname="common.mmrda.testcases.CalendarPageTest" name="verifycalendarheadingtext" time="14.687"/>
  <system-out/>
  <testcase classname="common.mmrda.testcases.CalendarPageTest" name="verifynexttodaymonthsbutton" time="20.493"/>
  <system-out/>
  <testcase classname="common.mmrda.testcases.CalendarPageTest" name="Verify_calendarevent_btn" time="15.417"/>
  <system-out/>
</testsuite> <!-- common.mmrda.testcases.CalendarPageTest -->
