<?xml version="1.0" encoding="UTF-8"?>
<!-- Generated by org.testng.reporters.JUnitReportReporter -->
<testsuite hostname="AIPLLAP423" failures="0" tests="4" name="common.mmrda.testcases.CreateNewEventTest" time="72.544" errors="0" timestamp="2024-05-08T13:02:29 IST" skipped="0">
  <testcase classname="common.mmrda.testcases.CreateNewEventTest" name="VerifyCreateNewEventHeading" time="12.996"/>
  <system-out/>
  <testcase classname="common.mmrda.testcases.CreateNewEventTest" name="Entereventdata" time="18.811"/>
  <system-out/>
  <testcase classname="common.mmrda.testcases.CreateNewEventTest" name="Entereventdata" time="18.785"/>
  <system-out/>
  <testcase classname="common.mmrda.testcases.CreateNewEventTest" name="Entereventdata" time="21.952"/>
  <system-out/>
</testsuite> <!-- common.mmrda.testcases.CreateNewEventTest -->
