<?xml version="1.0" encoding="UTF-8"?>
<!-- Generated by org.testng.reporters.JUnitReportReporter -->
<testsuite hostname="AIPLLAP423" failures="0" tests="2" name="common.mmrda.testcases.LoginPageTest" time="23.156" errors="0" timestamp="2024-05-06T11:08:26 IST" skipped="0">
  <testcase classname="common.mmrda.testcases.LoginPageTest" name="LoginpageTitleTest" time="10.399"/>
  <system-out/>
  <testcase classname="common.mmrda.testcases.LoginPageTest" name="logintest" time="12.757"/>
  <system-out/>
</testsuite> <!-- common.mmrda.testcases.LoginPageTest -->
