<?xml version="1.0" encoding="UTF-8"?>
<!-- Generated by org.testng.reporters.JUnitReportReporter -->
<testsuite hostname="AIPLLAP423" failures="0" tests="2" name="com.common.OpenBrowser" time="8.577" errors="0" timestamp="2024-04-26T17:27:42 IST" skipped="0">
  <testcase classname="com.common.OpenBrowser" name="urlopen" time="2.237"/>
  <system-out/>
  <testcase classname="com.common.OpenBrowser" name="search" time="6.340"/>
  <system-out/>
</testsuite> <!-- com.common.OpenBrowser -->
