<?xml version="1.0" encoding="UTF-8"?>
<!-- Generated by org.testng.reporters.JUnitReportReporter -->
<testsuite hostname="AIPLLAP423" failures="0" tests="2" name="common.mmrda.testcases.CreateNewEventTest" time="35.999" errors="0" timestamp="2024-05-06T11:08:26 IST" skipped="0">
  <testcase classname="common.mmrda.testcases.CreateNewEventTest" name="VerifyCreateNewEventHeading" time="15.216"/>
  <system-out/>
  <testcase classname="common.mmrda.testcases.CreateNewEventTest" name="Entereventdata" time="20.783"/>
  <system-out/>
</testsuite> <!-- common.mmrda.testcases.CreateNewEventTest -->
