<?xml version="1.0" encoding="UTF-8"?>
<!-- Generated by org.testng.reporters.JUnitReportReporter -->
<testsuite hostname="AIPLLAP423" failures="0" tests="5" name="common.mmrda.testcases.HomePageTest" time="69.221" errors="0" timestamp="2024-05-06T11:08:26 IST" skipped="0">
  <testcase classname="common.mmrda.testcases.HomePageTest" name="validatepagetitle" time="11.288"/>
  <system-out/>
  <testcase classname="common.mmrda.testcases.HomePageTest" name="validateLogo" time="12.767"/>
  <system-out/>
  <testcase classname="common.mmrda.testcases.HomePageTest" name="validatesection" time="15.547"/>
  <system-out/>
  <testcase classname="common.mmrda.testcases.HomePageTest" name="validatecontact" time="16.349"/>
  <system-out/>
  <testcase classname="common.mmrda.testcases.HomePageTest" name="validateconatctlink" time="13.270"/>
  <system-out/>
</testsuite> <!-- common.mmrda.testcases.HomePageTest -->
