<?xml version="1.0" encoding="UTF-8"?>
<!-- Generated by org.testng.reporters.JUnitReportReporter -->
<testsuite hostname="AIPLLAP423" failures="0" tests="1" name="common.mmrda.testcases.CompanyPageTest" time="18.150" errors="0" timestamp="2024-05-02T19:36:13 IST" skipped="0">
  <testcase classname="common.mmrda.testcases.CompanyPageTest" name="Checkcompanydata" time="18.150"/>
  <system-out/>
</testsuite> <!-- common.mmrda.testcases.CompanyPageTest -->
